Group Name: StyLiS Studios
Group Description: [StyLiS Studios]

A Roblox game development group comprised of:
Leads - litozinnamon, shaylan007, and AxisAngle 
Developers - Semaphorism and Raspy_Pi
______________________
Our mission is to push Roblox to its limit by creating content for the entire ROBLOX community to enjoy!

[Phantom Forces]
PC Version: https://www.roblox.com/games/292439477/Phantom-Forces
Xbox Version: https://www.roblox.com/games/254965063/Phantom-Forces-Console
Group Shout: Confirming that the game is back online with roblox's cooperation.
Its advised if you purchased anything with robux to rejoin the server.
And, to make up for the outage, Double XP is enabled until 05/15.
Group Member Count: 729474
Group Owner ID: 5725475
Group Owner Name: litozinnamon
Group Owner Display Name: litozinnamon
Is Public Entry Allowed: 0
Is Builders Club Only: 0
Group Wall: [ Content Deleted ] (2014-5-20)
Lol I wonder what I will do with this group hm... Need to get shay on (2014-5-20)
Sup lito join my new Group Anubis! And Great Job with the zombies im soo glad i told you! :). (2014-5-20)